Started GET "/" for 127.0.0.1 at 2017-04-10 19:52:19 +0200
Processing by Rails::WelcomeController#index as HTML
  Parameters: {"internal"=>true}
  Rendering /usr/local/lib/ruby/gems/2.3.0/gems/railties-5.0.2/lib/rails/templates/rails/welcome/index.html.erb
  Rendered /usr/local/lib/ruby/gems/2.3.0/gems/railties-5.0.2/lib/rails/templates/rails/welcome/index.html.erb (2.5ms)
Completed 200 OK in 47ms (Views: 7.1ms | ActiveRecord: 0.0ms)


  [1m[35m (32.3ms)[0m  [1m[35mCREATE TABLE "schema_migrations" ("version" varchar NOT NULL PRIMARY KEY)[0m
  [1m[35m (12.2ms)[0m  [1m[35mCREATE TABLE "ar_internal_metadata" ("key" varchar NOT NULL PRIMARY KEY, "value" varchar, "created_at" datetime NOT NULL, "updated_at" datetime NOT NULL)[0m
  [1m[36mActiveRecord::SchemaMigration Load (0.2ms)[0m  [1m[34mSELECT "schema_migrations".* FROM "schema_migrations"[0m
Migrating to CreatePosts (20170410175535)
  [1m[35m (0.1ms)[0m  [1m[36mbegin transaction[0m
  [1m[35m (0.3ms)[0m  [1m[35mCREATE TABLE "posts" ("id" INTEGER PRIMARY KEY AUTOINCREMENT NOT NULL, "title" varchar, "link" varchar, "description" text, "created_at" datetime NOT NULL, "updated_at" datetime NOT NULL)[0m
  [1m[35mSQL (0.1ms)[0m  [1m[32mINSERT INTO "schema_migrations" ("version") VALUES (?)[0m  [["version", "20170410175535"]]
  [1m[35m (12.6ms)[0m  [1m[36mcommit transaction[0m
  [1m[36mActiveRecord::InternalMetadata Load (0.1ms)[0m  [1m[34mSELECT  "ar_internal_metadata".* FROM "ar_internal_metadata" WHERE "ar_internal_metadata"."key" = ? LIMIT ?[0m  [["key", :environment], ["LIMIT", 1]]
  [1m[35m (0.0ms)[0m  [1m[36mbegin transaction[0m
  [1m[35mSQL (0.1ms)[0m  [1m[32mINSERT INTO "ar_internal_metadata" ("key", "value", "created_at", "updated_at") VALUES (?, ?, ?, ?)[0m  [["key", "environment"], ["value", "development"], ["created_at", 2017-04-10 17:55:41 UTC], ["updated_at", 2017-04-10 17:55:41 UTC]]
  [1m[35m (12.0ms)[0m  [1m[36mcommit transaction[0m
  [1m[36mActiveRecord::SchemaMigration Load (0.1ms)[0m  [1m[34mSELECT "schema_migrations".* FROM "schema_migrations"[0m
Started GET "/" for 127.0.0.1 at 2017-04-10 20:01:56 +0200
  [1m[36mActiveRecord::SchemaMigration Load (0.1ms)[0m  [1m[34mSELECT "schema_migrations".* FROM "schema_migrations"[0m
Started GET "/" for 127.0.0.1 at 2017-04-10 20:01:56 +0200
Processing by PostsController#index as HTML
Processing by PostsController#index as HTML
  Rendering posts/index.html.haml within layouts/application
  Rendering posts/index.html.haml within layouts/application
  Rendered posts/index.html.haml within layouts/application (2.2ms)
  Rendered posts/index.html.haml within layouts/application (0.1ms)
Completed 200 OK in 3405ms (Views: 3397.5ms | ActiveRecord: 0.0ms)


Completed 200 OK in 3414ms (Views: 3413.3ms | ActiveRecord: 0.0ms)


Started GET "/" for 127.0.0.1 at 2017-04-10 20:02:01 +0200
Processing by PostsController#index as HTML
  Rendering posts/index.html.haml within layouts/application
  Rendered posts/index.html.haml within layouts/application (0.7ms)
Completed 200 OK in 25ms (Views: 24.1ms | ActiveRecord: 0.0ms)


Started GET "/new" for 127.0.0.1 at 2017-04-10 20:07:31 +0200
  
ActionController::RoutingError (No route matches [GET] "/new"):
  
actionpack (5.0.2) lib/action_dispatch/middleware/debug_exceptions.rb:53:in `call'
web-console (3.5.0) lib/web_console/middleware.rb:135:in `call_app'
web-console (3.5.0) lib/web_console/middleware.rb:28:in `block in call'
web-console (3.5.0) lib/web_console/middleware.rb:18:in `catch'
web-console (3.5.0) lib/web_console/middleware.rb:18:in `call'
actionpack (5.0.2) lib/action_dispatch/middleware/show_exceptions.rb:31:in `call'
railties (5.0.2) lib/rails/rack/logger.rb:36:in `call_app'
railties (5.0.2) lib/rails/rack/logger.rb:24:in `block in call'
activesupport (5.0.2) lib/active_support/tagged_logging.rb:69:in `block in tagged'
activesupport (5.0.2) lib/active_support/tagged_logging.rb:26:in `tagged'
activesupport (5.0.2) lib/active_support/tagged_logging.rb:69:in `tagged'
railties (5.0.2) lib/rails/rack/logger.rb:24:in `call'
sprockets-rails (3.2.0) lib/sprockets/rails/quiet_assets.rb:13:in `call'
actionpack (5.0.2) lib/action_dispatch/middleware/request_id.rb:24:in `call'
rack (2.0.1) lib/rack/method_override.rb:22:in `call'
rack (2.0.1) lib/rack/runtime.rb:22:in `call'
activesupport (5.0.2) lib/active_support/cache/strategy/local_cache_middleware.rb:28:in `call'
actionpack (5.0.2) lib/action_dispatch/middleware/executor.rb:12:in `call'
actionpack (5.0.2) lib/action_dispatch/middleware/static.rb:136:in `call'
rack (2.0.1) lib/rack/sendfile.rb:111:in `call'
railties (5.0.2) lib/rails/engine.rb:522:in `call'
puma (3.8.2) lib/puma/configuration.rb:224:in `call'
puma (3.8.2) lib/puma/server.rb:600:in `handle_request'
puma (3.8.2) lib/puma/server.rb:435:in `process_client'
puma (3.8.2) lib/puma/server.rb:299:in `block in run'
puma (3.8.2) lib/puma/thread_pool.rb:120:in `block in spawn_thread'
  Rendering /usr/local/lib/ruby/gems/2.3.0/gems/actionpack-5.0.2/lib/action_dispatch/middleware/templates/rescues/routing_error.html.erb within rescues/layout
  Rendering /usr/local/lib/ruby/gems/2.3.0/gems/actionpack-5.0.2/lib/action_dispatch/middleware/templates/rescues/_trace.html.erb
  Rendered /usr/local/lib/ruby/gems/2.3.0/gems/actionpack-5.0.2/lib/action_dispatch/middleware/templates/rescues/_trace.html.erb (1.0ms)
  Rendered collection of /usr/local/lib/ruby/gems/2.3.0/gems/actionpack-5.0.2/lib/action_dispatch/middleware/templates/routes/_route.html.erb [9 times] (23.3ms)
  Rendered /usr/local/lib/ruby/gems/2.3.0/gems/actionpack-5.0.2/lib/action_dispatch/middleware/templates/routes/_table.html.erb (47.3ms)
  Rendering /usr/local/lib/ruby/gems/2.3.0/gems/actionpack-5.0.2/lib/action_dispatch/middleware/templates/rescues/_request_and_response.html.erb
  Rendered /usr/local/lib/ruby/gems/2.3.0/gems/actionpack-5.0.2/lib/action_dispatch/middleware/templates/rescues/_request_and_response.html.erb (1.1ms)
  Rendered /usr/local/lib/ruby/gems/2.3.0/gems/actionpack-5.0.2/lib/action_dispatch/middleware/templates/rescues/routing_error.html.erb within rescues/layout (115.9ms)
Started GET "/posts/new" for 127.0.0.1 at 2017-04-10 20:07:40 +0200
Processing by PostsController#new as HTML
  Rendering posts/new.html.haml within layouts/application
  Rendered posts/new.html.haml within layouts/application (0.6ms)
Completed 200 OK in 20ms (Views: 12.8ms | ActiveRecord: 0.6ms)


Started GET "/posts/new" for 127.0.0.1 at 2017-04-10 20:07:40 +0200
Processing by PostsController#new as HTML
  Rendering posts/new.html.haml within layouts/application
  Rendered posts/new.html.haml within layouts/application (0.7ms)
Completed 200 OK in 12ms (Views: 11.3ms | ActiveRecord: 0.0ms)


Started GET "/posts/new" for 127.0.0.1 at 2017-04-10 20:09:12 +0200
Processing by PostsController#new as HTML
  Rendering posts/new.html.haml within layouts/application
  Rendered posts/_form.html.haml (286.8ms)
  Rendered posts/new.html.haml within layouts/application (288.2ms)
Completed 200 OK in 301ms (Views: 299.1ms | ActiveRecord: 0.0ms)


Started GET "/posts/new" for 127.0.0.1 at 2017-04-10 20:09:13 +0200
Processing by PostsController#new as HTML
  Rendering posts/new.html.haml within layouts/application
  Rendered posts/_form.html.haml (4.0ms)
  Rendered posts/new.html.haml within layouts/application (5.2ms)
Completed 200 OK in 18ms (Views: 16.5ms | ActiveRecord: 0.0ms)


Started POST "/posts" for 127.0.0.1 at 2017-04-10 20:10:11 +0200
Processing by PostsController#create as HTML
  Parameters: {"utf8"=>"✓", "authenticity_token"=>"JunslfVupeWyEMlc/24XSryiHwHjzgsDcoEiX9S7A7wD3d6ex6Dz43utKLxuUl3OKzwDF0cPe24Kslp3BqX0rw==", "post"=>{"title"=>"Iron Man Mask", "link"=>"https://www.kupujemprodajem.com/61189011", "description"=>"3 wolf moon activated charcoal bushwick direct trade fingerstache, trust fund DIY brooklyn beard fap lomo. Snackwave vice thundercats, chartreuse af tilde paleo quinoa. Raw denim pork belly humblebrag, everyday carry small batch kitsch ennui cronut. Poke kale chips mustache cornhole, kinfolk small batch ethical twee pop-up distillery snackwave. Listicle put a bird on it before they sold out selfies gluten-free health goth, sartorial fam ethical etsy heirloom. Hammock echo park hashtag, freegan messenger bag asymmetrical roof party lyft quinoa leggings franzen hexagon seitan drinking vinegar cold-pressed. Poke blog post-ironic, gastropub fanny pack beard yr hot chicken."}, "commit"=>"Create Post"}
  [1m[35m (0.1ms)[0m  [1m[36mbegin transaction[0m
  [1m[35mSQL (0.7ms)[0m  [1m[32mINSERT INTO "posts" ("title", "link", "description", "created_at", "updated_at") VALUES (?, ?, ?, ?, ?)[0m  [["title", "Iron Man Mask"], ["link", "https://www.kupujemprodajem.com/61189011"], ["description", "3 wolf moon activated charcoal bushwick direct trade fingerstache, trust fund DIY brooklyn beard fap lomo. Snackwave vice thundercats, chartreuse af tilde paleo quinoa. Raw denim pork belly humblebrag, everyday carry small batch kitsch ennui cronut. Poke kale chips mustache cornhole, kinfolk small batch ethical twee pop-up distillery snackwave. Listicle put a bird on it before they sold out selfies gluten-free health goth, sartorial fam ethical etsy heirloom. Hammock echo park hashtag, freegan messenger bag asymmetrical roof party lyft quinoa leggings franzen hexagon seitan drinking vinegar cold-pressed. Poke blog post-ironic, gastropub fanny pack beard yr hot chicken."], ["created_at", 2017-04-10 18:10:11 UTC], ["updated_at", 2017-04-10 18:10:11 UTC]]
  [1m[35m (37.2ms)[0m  [1m[36mcommit transaction[0m
Redirected to http://localhost:3000/posts/1
Completed 302 Found in 42ms (ActiveRecord: 38.0ms)


Started GET "/posts/1" for 127.0.0.1 at 2017-04-10 20:10:11 +0200
Processing by PostsController#show as HTML
  Parameters: {"id"=>"1"}
Completed 406 Not Acceptable in 19ms (ActiveRecord: 0.0ms)


  
ActionController::UnknownFormat (PostsController#show is missing a template for this request format and variant.

request.formats: ["text/html"]
request.variant: []

NOTE! For XHR/Ajax or API requests, this action would normally respond with 204 No Content: an empty white screen. Since you're loading it in a web browser, we assume that you expected to actually render a template, not nothing, so we're showing an error to be extra-clear. If you expect 204 No Content, carry on. That's what you'll get from an XHR or API request. Give it a shot.):
  
actionpack (5.0.2) lib/action_controller/metal/implicit_render.rb:56:in `default_render'
actionpack (5.0.2) lib/action_controller/metal/basic_implicit_render.rb:4:in `block in send_action'
actionpack (5.0.2) lib/action_controller/metal/basic_implicit_render.rb:4:in `tap'
actionpack (5.0.2) lib/action_controller/metal/basic_implicit_render.rb:4:in `send_action'
actionpack (5.0.2) lib/abstract_controller/base.rb:188:in `process_action'
actionpack (5.0.2) lib/action_controller/metal/rendering.rb:30:in `process_action'
actionpack (5.0.2) lib/abstract_controller/callbacks.rb:20:in `block in process_action'
activesupport (5.0.2) lib/active_support/callbacks.rb:126:in `call'
activesupport (5.0.2) lib/active_support/callbacks.rb:506:in `block (2 levels) in compile'
activesupport (5.0.2) lib/active_support/callbacks.rb:455:in `call'
activesupport (5.0.2) lib/active_support/callbacks.rb:101:in `__run_callbacks__'
activesupport (5.0.2) lib/active_support/callbacks.rb:750:in `_run_process_action_callbacks'
activesupport (5.0.2) lib/active_support/callbacks.rb:90:in `run_callbacks'
actionpack (5.0.2) lib/abstract_controller/callbacks.rb:19:in `process_action'
actionpack (5.0.2) lib/action_controller/metal/rescue.rb:20:in `process_action'
actionpack (5.0.2) lib/action_controller/metal/instrumentation.rb:32:in `block in process_action'
activesupport (5.0.2) lib/active_support/notifications.rb:164:in `block in instrument'
activesupport (5.0.2) lib/active_support/notifications/instrumenter.rb:21:in `instrument'
activesupport (5.0.2) lib/active_support/notifications.rb:164:in `instrument'
actionpack (5.0.2) lib/action_controller/metal/instrumentation.rb:30:in `process_action'
actionpack (5.0.2) lib/action_controller/metal/params_wrapper.rb:248:in `process_action'
activerecord (5.0.2) lib/active_record/railties/controller_runtime.rb:18:in `process_action'
actionpack (5.0.2) lib/abstract_controller/base.rb:126:in `process'
actionview (5.0.2) lib/action_view/rendering.rb:30:in `process'
actionpack (5.0.2) lib/action_controller/metal.rb:190:in `dispatch'
actionpack (5.0.2) lib/action_controller/metal.rb:262:in `dispatch'
actionpack (5.0.2) lib/action_dispatch/routing/route_set.rb:50:in `dispatch'
actionpack (5.0.2) lib/action_dispatch/routing/route_set.rb:32:in `serve'
actionpack (5.0.2) lib/action_dispatch/journey/router.rb:39:in `block in serve'
actionpack (5.0.2) lib/action_dispatch/journey/router.rb:26:in `each'
actionpack (5.0.2) lib/action_dispatch/journey/router.rb:26:in `serve'
actionpack (5.0.2) lib/action_dispatch/routing/route_set.rb:725:in `call'
warden (1.2.7) lib/warden/manager.rb:36:in `block in call'
warden (1.2.7) lib/warden/manager.rb:35:in `catch'
warden (1.2.7) lib/warden/manager.rb:35:in `call'
rack (2.0.1) lib/rack/etag.rb:25:in `call'
rack (2.0.1) lib/rack/conditional_get.rb:25:in `call'
rack (2.0.1) lib/rack/head.rb:12:in `call'
rack (2.0.1) lib/rack/session/abstract/id.rb:222:in `context'
rack (2.0.1) lib/rack/session/abstract/id.rb:216:in `call'
actionpack (5.0.2) lib/action_dispatch/middleware/cookies.rb:613:in `call'
activerecord (5.0.2) lib/active_record/migration.rb:553:in `call'
actionpack (5.0.2) lib/action_dispatch/middleware/callbacks.rb:38:in `block in call'
activesupport (5.0.2) lib/active_support/callbacks.rb:97:in `__run_callbacks__'
activesupport (5.0.2) lib/active_support/callbacks.rb:750:in `_run_call_callbacks'
activesupport (5.0.2) lib/active_support/callbacks.rb:90:in `run_callbacks'
actionpack (5.0.2) lib/action_dispatch/middleware/callbacks.rb:36:in `call'
actionpack (5.0.2) lib/action_dispatch/middleware/executor.rb:12:in `call'
actionpack (5.0.2) lib/action_dispatch/middleware/remote_ip.rb:79:in `call'
actionpack (5.0.2) lib/action_dispatch/middleware/debug_exceptions.rb:49:in `call'
web-console (3.5.0) lib/web_console/middleware.rb:135:in `call_app'
web-console (3.5.0) lib/web_console/middleware.rb:28:in `block in call'
web-console (3.5.0) lib/web_console/middleware.rb:18:in `catch'
web-console (3.5.0) lib/web_console/middleware.rb:18:in `call'
actionpack (5.0.2) lib/action_dispatch/middleware/show_exceptions.rb:31:in `call'
railties (5.0.2) lib/rails/rack/logger.rb:36:in `call_app'
railties (5.0.2) lib/rails/rack/logger.rb:24:in `block in call'
activesupport (5.0.2) lib/active_support/tagged_logging.rb:69:in `block in tagged'
activesupport (5.0.2) lib/active_support/tagged_logging.rb:26:in `tagged'
activesupport (5.0.2) lib/active_support/tagged_logging.rb:69:in `tagged'
railties (5.0.2) lib/rails/rack/logger.rb:24:in `call'
sprockets-rails (3.2.0) lib/sprockets/rails/quiet_assets.rb:13:in `call'
actionpack (5.0.2) lib/action_dispatch/middleware/request_id.rb:24:in `call'
rack (2.0.1) lib/rack/method_override.rb:22:in `call'
rack (2.0.1) lib/rack/runtime.rb:22:in `call'
activesupport (5.0.2) lib/active_support/cache/strategy/local_cache_middleware.rb:28:in `call'
actionpack (5.0.2) lib/action_dispatch/middleware/executor.rb:12:in `call'
actionpack (5.0.2) lib/action_dispatch/middleware/static.rb:136:in `call'
rack (2.0.1) lib/rack/sendfile.rb:111:in `call'
railties (5.0.2) lib/rails/engine.rb:522:in `call'
puma (3.8.2) lib/puma/configuration.rb:224:in `call'
puma (3.8.2) lib/puma/server.rb:600:in `handle_request'
puma (3.8.2) lib/puma/server.rb:435:in `process_client'
puma (3.8.2) lib/puma/server.rb:299:in `block in run'
puma (3.8.2) lib/puma/thread_pool.rb:120:in `block in spawn_thread'
  Rendering /usr/local/lib/ruby/gems/2.3.0/gems/actionpack-5.0.2/lib/action_dispatch/middleware/templates/rescues/diagnostics.html.erb within rescues/layout
  Rendering /usr/local/lib/ruby/gems/2.3.0/gems/actionpack-5.0.2/lib/action_dispatch/middleware/templates/rescues/_source.html.erb
  Rendered /usr/local/lib/ruby/gems/2.3.0/gems/actionpack-5.0.2/lib/action_dispatch/middleware/templates/rescues/_source.html.erb (2.6ms)
  Rendering /usr/local/lib/ruby/gems/2.3.0/gems/actionpack-5.0.2/lib/action_dispatch/middleware/templates/rescues/_trace.html.erb
  Rendered /usr/local/lib/ruby/gems/2.3.0/gems/actionpack-5.0.2/lib/action_dispatch/middleware/templates/rescues/_trace.html.erb (1.1ms)
  Rendering /usr/local/lib/ruby/gems/2.3.0/gems/actionpack-5.0.2/lib/action_dispatch/middleware/templates/rescues/_request_and_response.html.erb
  Rendered /usr/local/lib/ruby/gems/2.3.0/gems/actionpack-5.0.2/lib/action_dispatch/middleware/templates/rescues/_request_and_response.html.erb (0.8ms)
  Rendered /usr/local/lib/ruby/gems/2.3.0/gems/actionpack-5.0.2/lib/action_dispatch/middleware/templates/rescues/diagnostics.html.erb within rescues/layout (18.7ms)
Started GET "/posts/1" for 127.0.0.1 at 2017-04-10 20:11:30 +0200
Processing by PostsController#show as HTML
  Parameters: {"id"=>"1"}
  [1m[36mPost Load (0.1ms)[0m  [1m[34mSELECT  "posts".* FROM "posts" WHERE "posts"."id" = ? LIMIT ?[0m  [["id", 1], ["LIMIT", 1]]
  Rendering posts/show.html.haml within layouts/application
  Rendered posts/show.html.haml within layouts/application (0.8ms)
Completed 200 OK in 31ms (Views: 11.2ms | ActiveRecord: 0.7ms)


Started GET "/posts/1" for 127.0.0.1 at 2017-04-10 20:12:43 +0200
Processing by PostsController#show as HTML
  Parameters: {"id"=>"1"}
  [1m[36mPost Load (0.1ms)[0m  [1m[34mSELECT  "posts".* FROM "posts" WHERE "posts"."id" = ? LIMIT ?[0m  [["id", 1], ["LIMIT", 1]]
  Rendering posts/show.html.haml within layouts/application
  Rendered posts/show.html.haml within layouts/application (1.1ms)
Completed 200 OK in 20ms (Views: 13.1ms | ActiveRecord: 0.7ms)


Started GET "/posts/1" for 127.0.0.1 at 2017-04-10 20:12:43 +0200
Processing by PostsController#show as HTML
  Parameters: {"id"=>"1"}
  [1m[36mPost Load (0.1ms)[0m  [1m[34mSELECT  "posts".* FROM "posts" WHERE "posts"."id" = ? LIMIT ?[0m  [["id", 1], ["LIMIT", 1]]
  Rendering posts/show.html.haml within layouts/application
  Rendered posts/show.html.haml within layouts/application (0.9ms)
Completed 200 OK in 13ms (Views: 11.7ms | ActiveRecord: 0.1ms)


Started GET "/" for 127.0.0.1 at 2017-04-10 20:13:32 +0200
Processing by PostsController#index as HTML
  Rendering posts/index.html.haml within layouts/application
  Rendered posts/index.html.haml within layouts/application (2.1ms)
Completed 500 Internal Server Error in 5ms (ActiveRecord: 0.0ms)


  
ActionView::Template::Error (undefined method `each' for nil:NilClass):
    1: - @posts.each do |post|
    2:   %h2= link_to post.title, post
  
app/views/posts/index.html.haml:1:in `_app_views_posts_index_html_haml__2257977119394698648_70055750288260'
  Rendering /usr/local/lib/ruby/gems/2.3.0/gems/actionpack-5.0.2/lib/action_dispatch/middleware/templates/rescues/template_error.html.erb within rescues/layout
  Rendering /usr/local/lib/ruby/gems/2.3.0/gems/actionpack-5.0.2/lib/action_dispatch/middleware/templates/rescues/_source.html.erb
  Rendered /usr/local/lib/ruby/gems/2.3.0/gems/actionpack-5.0.2/lib/action_dispatch/middleware/templates/rescues/_source.html.erb (2.6ms)
  Rendering /usr/local/lib/ruby/gems/2.3.0/gems/actionpack-5.0.2/lib/action_dispatch/middleware/templates/rescues/_trace.html.erb
  Rendered /usr/local/lib/ruby/gems/2.3.0/gems/actionpack-5.0.2/lib/action_dispatch/middleware/templates/rescues/_trace.html.erb (1.2ms)
  Rendering /usr/local/lib/ruby/gems/2.3.0/gems/actionpack-5.0.2/lib/action_dispatch/middleware/templates/rescues/_request_and_response.html.erb
  Rendered /usr/local/lib/ruby/gems/2.3.0/gems/actionpack-5.0.2/lib/action_dispatch/middleware/templates/rescues/_request_and_response.html.erb (0.7ms)
  Rendered /usr/local/lib/ruby/gems/2.3.0/gems/actionpack-5.0.2/lib/action_dispatch/middleware/templates/rescues/template_error.html.erb within rescues/layout (17.2ms)
Started GET "/" for 127.0.0.1 at 2017-04-10 20:14:32 +0200
Processing by PostsController#index as HTML
  Rendering posts/index.html.haml within layouts/application
  [1m[36mPost Load (0.3ms)[0m  [1m[34mSELECT "posts".* FROM "posts" ORDER BY created_at DESC[0m
  Rendered posts/index.html.haml within layouts/application (5.9ms)
Completed 200 OK in 23ms (Views: 20.5ms | ActiveRecord: 0.6ms)


Started GET "/posts/1" for 127.0.0.1 at 2017-04-10 20:14:36 +0200
Processing by PostsController#show as HTML
  Parameters: {"id"=>"1"}
  [1m[36mPost Load (0.2ms)[0m  [1m[34mSELECT  "posts".* FROM "posts" WHERE "posts"."id" = ? LIMIT ?[0m  [["id", 1], ["LIMIT", 1]]
  Rendering posts/show.html.haml within layouts/application
  Rendered posts/show.html.haml within layouts/application (1.3ms)
Completed 200 OK in 17ms (Views: 15.0ms | ActiveRecord: 0.2ms)


Started GET "/posts/new" for 127.0.0.1 at 2017-04-10 20:14:44 +0200
Processing by PostsController#new as HTML
  Rendering posts/new.html.haml within layouts/application
  Rendered posts/_form.html.haml (6.7ms)
  Rendered posts/new.html.haml within layouts/application (8.0ms)
Completed 200 OK in 22ms (Views: 20.6ms | ActiveRecord: 0.0ms)


Started POST "/posts" for 127.0.0.1 at 2017-04-10 20:15:04 +0200
Processing by PostsController#create as HTML
  Parameters: {"utf8"=>"✓", "authenticity_token"=>"z+AXUgDcxp2R7PTPaNV/egFxYpyR46bXy85sFYfcXrHq1CVZMhKQm1hRFS/56TX+lu9+ijUi1rqz/RQ9VcKpog==", "post"=>{"title"=>"Another Post", "link"=>"oaoa.oaoa.com", "description"=>"%h1 This is the placeholder e.e\r\n"}, "commit"=>"Create Post"}
  [1m[35m (0.1ms)[0m  [1m[36mbegin transaction[0m
  [1m[35mSQL (0.3ms)[0m  [1m[32mINSERT INTO "posts" ("title", "link", "description", "created_at", "updated_at") VALUES (?, ?, ?, ?, ?)[0m  [["title", "Another Post"], ["link", "oaoa.oaoa.com"], ["description", "%h1 This is the placeholder e.e\r\n"], ["created_at", 2017-04-10 18:15:04 UTC], ["updated_at", 2017-04-10 18:15:04 UTC]]
  [1m[35m (91.1ms)[0m  [1m[36mcommit transaction[0m
Redirected to http://localhost:3000/posts/2
Completed 302 Found in 96ms (ActiveRecord: 91.5ms)


Started GET "/posts/2" for 127.0.0.1 at 2017-04-10 20:15:04 +0200
Processing by PostsController#show as HTML
  Parameters: {"id"=>"2"}
  [1m[36mPost Load (0.2ms)[0m  [1m[34mSELECT  "posts".* FROM "posts" WHERE "posts"."id" = ? LIMIT ?[0m  [["id", 2], ["LIMIT", 1]]
  Rendering posts/show.html.haml within layouts/application
  Rendered posts/show.html.haml within layouts/application (1.0ms)
Completed 200 OK in 17ms (Views: 15.3ms | ActiveRecord: 0.2ms)


Started GET "/" for 127.0.0.1 at 2017-04-10 20:15:09 +0200
Processing by PostsController#index as HTML
  Rendering posts/index.html.haml within layouts/application
  [1m[36mPost Load (0.2ms)[0m  [1m[34mSELECT "posts".* FROM "posts" ORDER BY created_at DESC[0m
  Rendered posts/index.html.haml within layouts/application (1.6ms)
Completed 200 OK in 16ms (Views: 14.6ms | ActiveRecord: 0.2ms)


Started GET "/" for 127.0.0.1 at 2017-04-10 20:15:47 +0200
Processing by PostsController#index as HTML
  Rendering posts/index.html.haml within layouts/application
  [1m[36mPost Load (0.2ms)[0m  [1m[34mSELECT "posts".* FROM "posts" ORDER BY created_at DESC[0m
  Rendered posts/index.html.haml within layouts/application (2.5ms)
Completed 200 OK in 17ms (Views: 15.6ms | ActiveRecord: 0.2ms)


Started GET "/posts/new" for 127.0.0.1 at 2017-04-10 20:15:49 +0200
Processing by PostsController#new as HTML
  Rendering posts/new.html.haml within layouts/application
  Rendered posts/_form.html.haml (7.4ms)
  Rendered posts/new.html.haml within layouts/application (9.3ms)
Completed 200 OK in 23ms (Views: 21.7ms | ActiveRecord: 0.0ms)


Started GET "/posts/new" for 127.0.0.1 at 2017-04-10 20:16:03 +0200
Processing by PostsController#new as HTML
  Rendering posts/new.html.haml within layouts/application
  Rendered posts/_form.html.haml (4.6ms)
  Rendered posts/new.html.haml within layouts/application (6.0ms)
Completed 200 OK in 20ms (Views: 19.0ms | ActiveRecord: 0.0ms)


Started GET "/posts/new" for 127.0.0.1 at 2017-04-10 20:16:04 +0200
Processing by PostsController#new as HTML
  Rendering posts/new.html.haml within layouts/application
  Rendered posts/_form.html.haml (5.2ms)
  Rendered posts/new.html.haml within layouts/application (6.5ms)
Completed 200 OK in 20ms (Views: 18.3ms | ActiveRecord: 0.0ms)


Started GET "/" for 127.0.0.1 at 2017-04-10 20:16:05 +0200
Processing by PostsController#index as HTML
  Rendering posts/index.html.haml within layouts/application
  [1m[36mPost Load (0.2ms)[0m  [1m[34mSELECT "posts".* FROM "posts" ORDER BY created_at DESC[0m
  Rendered posts/index.html.haml within layouts/application (1.9ms)
Completed 200 OK in 17ms (Views: 15.9ms | ActiveRecord: 0.2ms)


Started GET "/posts/new" for 127.0.0.1 at 2017-04-10 20:16:06 +0200
Processing by PostsController#new as HTML
  Rendering posts/new.html.haml within layouts/application
  Rendered posts/_form.html.haml (7.2ms)
  Rendered posts/new.html.haml within layouts/application (8.8ms)
Completed 200 OK in 21ms (Views: 20.1ms | ActiveRecord: 0.0ms)


Started GET "/posts/new" for 127.0.0.1 at 2017-04-10 20:16:42 +0200
Processing by PostsController#new as HTML
  Rendering posts/new.html.haml within layouts/application
  Rendered posts/_form.html.haml (4.4ms)
  Rendered posts/new.html.haml within layouts/application (5.6ms)
Completed 200 OK in 16ms (Views: 15.2ms | ActiveRecord: 0.0ms)


Started GET "/" for 127.0.0.1 at 2017-04-10 20:16:47 +0200
Processing by PostsController#index as HTML
  Rendering posts/index.html.haml within layouts/application
  [1m[36mPost Load (0.1ms)[0m  [1m[34mSELECT "posts".* FROM "posts" ORDER BY created_at DESC[0m
  Rendered posts/index.html.haml within layouts/application (1.4ms)
Completed 200 OK in 12ms (Views: 11.2ms | ActiveRecord: 0.1ms)


Started GET "/" for 127.0.0.1 at 2017-04-10 20:16:48 +0200
Processing by PostsController#index as HTML
  Rendering posts/index.html.haml within layouts/application
  [1m[36mPost Load (0.1ms)[0m  [1m[34mSELECT "posts".* FROM "posts" ORDER BY created_at DESC[0m
  Rendered posts/index.html.haml within layouts/application (1.6ms)
Completed 200 OK in 14ms (Views: 12.6ms | ActiveRecord: 0.1ms)


Started GET "/posts/2" for 127.0.0.1 at 2017-04-10 20:16:49 +0200
Processing by PostsController#show as HTML
  Parameters: {"id"=>"2"}
  [1m[36mPost Load (0.2ms)[0m  [1m[34mSELECT  "posts".* FROM "posts" WHERE "posts"."id" = ? LIMIT ?[0m  [["id", 2], ["LIMIT", 1]]
  Rendering posts/show.html.haml within layouts/application
  Rendered posts/show.html.haml within layouts/application (1.2ms)
Completed 200 OK in 14ms (Views: 12.6ms | ActiveRecord: 0.2ms)


Started GET "/" for 127.0.0.1 at 2017-04-10 20:16:50 +0200
Processing by PostsController#index as HTML
  Rendering posts/index.html.haml within layouts/application
  [1m[36mPost Load (0.2ms)[0m  [1m[34mSELECT "posts".* FROM "posts" ORDER BY created_at DESC[0m
  Rendered posts/index.html.haml within layouts/application (2.2ms)
Completed 200 OK in 15ms (Views: 13.6ms | ActiveRecord: 0.2ms)


Started GET "/posts/1" for 127.0.0.1 at 2017-04-10 20:16:51 +0200
Processing by PostsController#show as HTML
  Parameters: {"id"=>"1"}
  [1m[36mPost Load (0.2ms)[0m  [1m[34mSELECT  "posts".* FROM "posts" WHERE "posts"."id" = ? LIMIT ?[0m  [["id", 1], ["LIMIT", 1]]
  Rendering posts/show.html.haml within layouts/application
  Rendered posts/show.html.haml within layouts/application (1.3ms)
Completed 200 OK in 15ms (Views: 13.4ms | ActiveRecord: 0.2ms)


Started GET "/" for 127.0.0.1 at 2017-04-10 20:16:52 +0200
Processing by PostsController#index as HTML
  Rendering posts/index.html.haml within layouts/application
  [1m[36mPost Load (0.2ms)[0m  [1m[34mSELECT "posts".* FROM "posts" ORDER BY created_at DESC[0m
  Rendered posts/index.html.haml within layouts/application (1.8ms)
Completed 200 OK in 24ms (Views: 22.5ms | ActiveRecord: 0.2ms)


Started GET "/posts/2" for 127.0.0.1 at 2017-04-10 20:16:53 +0200
Processing by PostsController#show as HTML
  Parameters: {"id"=>"2"}
  [1m[36mPost Load (0.2ms)[0m  [1m[34mSELECT  "posts".* FROM "posts" WHERE "posts"."id" = ? LIMIT ?[0m  [["id", 2], ["LIMIT", 1]]
  Rendering posts/show.html.haml within layouts/application
  Rendered posts/show.html.haml within layouts/application (1.3ms)
Completed 200 OK in 18ms (Views: 16.3ms | ActiveRecord: 0.2ms)


Started GET "/posts/2" for 127.0.0.1 at 2017-04-10 20:20:25 +0200
Processing by PostsController#show as HTML
  Parameters: {"id"=>"2"}
  [1m[36mPost Load (0.1ms)[0m  [1m[34mSELECT  "posts".* FROM "posts" WHERE "posts"."id" = ? LIMIT ?[0m  [["id", 2], ["LIMIT", 1]]
  Rendering posts/show.html.haml within layouts/application
  Rendered posts/show.html.haml within layouts/application (1.4ms)
Completed 200 OK in 22ms (Views: 14.7ms | ActiveRecord: 0.7ms)


Started GET "/posts/2/edit" for 127.0.0.1 at 2017-04-10 20:20:26 +0200
Processing by PostsController#edit as HTML
  Parameters: {"id"=>"2"}
  [1m[36mPost Load (0.1ms)[0m  [1m[34mSELECT  "posts".* FROM "posts" WHERE "posts"."id" = ? LIMIT ?[0m  [["id", 2], ["LIMIT", 1]]
  Rendering posts/edit.html.haml within layouts/application
  Rendered posts/_form.html.haml (7.3ms)
  Rendered posts/edit.html.haml within layouts/application (9.2ms)
Completed 200 OK in 23ms (Views: 21.9ms | ActiveRecord: 0.1ms)


Started PATCH "/posts/2" for 127.0.0.1 at 2017-04-10 20:20:30 +0200
Processing by PostsController#update as HTML
  Parameters: {"utf8"=>"✓", "authenticity_token"=>"YzrPC5dPFTJU0WqkGG1LyecBVR1yz0TEn4944T3Oqy1ngYm1ibnVgBRWUVIDTeTybyFXcvgXV42SvblY7AwcVA==", "post"=>{"title"=>"Another Post Updated", "link"=>"oaoa.oaoa.com", "description"=>"%h1 This is the placeholder e.e\r\n  "}, "commit"=>"Update Post", "id"=>"2"}
  [1m[36mPost Load (0.1ms)[0m  [1m[34mSELECT  "posts".* FROM "posts" WHERE "posts"."id" = ? LIMIT ?[0m  [["id", 2], ["LIMIT", 1]]
  [1m[35m (0.1ms)[0m  [1m[36mbegin transaction[0m
  [1m[35mSQL (0.2ms)[0m  [1m[33mUPDATE "posts" SET "title" = ?, "description" = ?, "updated_at" = ? WHERE "posts"."id" = ?[0m  [["title", "Another Post Updated"], ["description", "%h1 This is the placeholder e.e\r\n  "], ["updated_at", 2017-04-10 18:20:30 UTC], ["id", 2]]
  [1m[35m (91.1ms)[0m  [1m[36mcommit transaction[0m
Redirected to http://localhost:3000/posts/2
Completed 302 Found in 98ms (ActiveRecord: 91.5ms)


Started GET "/posts/2" for 127.0.0.1 at 2017-04-10 20:20:30 +0200
Processing by PostsController#show as HTML
  Parameters: {"id"=>"2"}
  [1m[36mPost Load (0.1ms)[0m  [1m[34mSELECT  "posts".* FROM "posts" WHERE "posts"."id" = ? LIMIT ?[0m  [["id", 2], ["LIMIT", 1]]
  Rendering posts/show.html.haml within layouts/application
  Rendered posts/show.html.haml within layouts/application (2.0ms)
Completed 200 OK in 15ms (Views: 13.6ms | ActiveRecord: 0.1ms)


Started DELETE "/posts/2" for 127.0.0.1 at 2017-04-10 20:20:41 +0200
Processing by PostsController#destroy as HTML
  Parameters: {"authenticity_token"=>"Pz8arEri/IJGiRA68S9vNVHHawOB3qVBErDhv4AUNCsaCyineCyqhI808dpgEyWxxll3FSUf1Sxqg5mXUgrDOA==", "id"=>"2"}
  [1m[36mPost Load (0.1ms)[0m  [1m[34mSELECT  "posts".* FROM "posts" WHERE "posts"."id" = ? LIMIT ?[0m  [["id", 2], ["LIMIT", 1]]
  [1m[35m (0.1ms)[0m  [1m[36mbegin transaction[0m
  [1m[35mSQL (0.5ms)[0m  [1m[31mDELETE FROM "posts" WHERE "posts"."id" = ?[0m  [["id", 2]]
  [1m[35m (27.3ms)[0m  [1m[36mcommit transaction[0m
Redirected to http://localhost:3000/
Completed 302 Found in 31ms (ActiveRecord: 28.0ms)


Started GET "/" for 127.0.0.1 at 2017-04-10 20:20:41 +0200
Processing by PostsController#index as HTML
  Rendering posts/index.html.haml within layouts/application
  [1m[36mPost Load (0.2ms)[0m  [1m[34mSELECT "posts".* FROM "posts" ORDER BY created_at DESC[0m
  Rendered posts/index.html.haml within layouts/application (1.9ms)
Completed 200 OK in 15ms (Views: 14.3ms | ActiveRecord: 0.2ms)


